
Check 1

  [AWS035][ERROR] Resource 'aws_elasticache_replication_group.example' defines an unencrypted Elasticache Replication Group (missing at_rest_encryption_enabled attribute).
  /src/main.tf:1-10


       1 | resource "aws_elasticache_replication_group" "example" {
       2 |   automatic_failover_enabled    = true
       3 |   availability_zones            = ["us-west-2a", "us-west-2b"]
       4 |   replication_group_id          = "tf-rep-group-1"
       5 |   replication_group_description = "test description"
       6 |   node_type                     = "cache.m4.large"
       7 |   number_cache_clusters         = 2
       8 |   parameter_group_name          = "default.redis3.2"
       9 |   port                          = 6379
      10 | }
      11 | 

  Impact:     Data in the replication group could be readable if compromised
  Resolution: Enable encryption for replication group

  See https://tfsec.dev/docs/aws/AWS035/ for more information. 

Check 2

  [AWS036][ERROR] Resource 'aws_elasticache_replication_group.example' defines an unencrypted Elasticache Replication Group (missing transit_encryption_enabled attribute).
  /src/main.tf:1-10


       1 | resource "aws_elasticache_replication_group" "example" {
       2 |   automatic_failover_enabled    = true
       3 |   availability_zones            = ["us-west-2a", "us-west-2b"]
       4 |   replication_group_id          = "tf-rep-group-1"
       5 |   replication_group_description = "test description"
       6 |   node_type                     = "cache.m4.large"
       7 |   number_cache_clusters         = 2
       8 |   parameter_group_name          = "default.redis3.2"
       9 |   port                          = 6379
      10 | }
      11 | 

  Impact:     In transit data in the Replication Group could be read if intercepted
  Resolution: Enable in transit encryptuon for replication group

  See https://tfsec.dev/docs/aws/AWS036/ for more information. 

  times
  ------------------------------------------
  disk i/o             23.3595ms
  parsing HCL          18.4µs
  evaluating values    332.8µs
  running checks       5.0468ms

  counts
  ------------------------------------------
  files loaded         1
  blocks               1
  evaluated blocks     1
  modules              0
  module blocks        0
  ignored checks       0

2 potential problems detected.

